
                   @@@@@@                          @@@    @@@
                     @@                             @@     @ 
                     @@                             @@@    @ 
                     @@           @@@       @@@     @ @@   @ 
                     @@         @@   @@   @@   @@   @ @@   @ 
                     @@        @@     @@ @@     @@  @  @@  @ 
                     @@        @@     @@ @@     @@  @   @@ @ 
                     @@        @@     @@ @@     @@  @   @@ @ 
                     @@      @ @@     @@ @@     @@  @    @@@ 
                     @@     @   @@   @@   @@   @@   @     @@ 
                   @@@@@@@@@@     @@@       @@@    @@@    @@ 

                           Local optimization on Nets

             Alliance CAD System 5.0 20090901, loon 5.0 [2003/12/07]
             Copyright (c) 2000-2019,                 ASIM/LIP6/UPMC
             Author(s):                              François Donnet
             E-mail        :             alliance-users@asim.lip6.fr

	MBK_IN_LO	: vst
	MBK_OUT_LO	: vst
	MBK_TARGET_LIB	: /usr/lib64/alliance/cells/sxlib

Reading parameter file 'paramfile.lax'...
50% area - 50% delay optimization
Reading file 'fsmpr_bg.vst'...
Controlling file 'paramfile.lax'...
Reading lib '/usr/lib64/alliance/cells/sxlib'...
Capacitances on file 'fsmpr_bg.vst'...
Delays on file 'fsmpr_bg.vst'...2553 ps
Area on file 'fsmpr_bg.vst'...49750 lamda² (with over-cell routing)
Details...
	o2_x2: 7 (17%)
	inv_x2: 5 (7%)
	o3_x2: 3 (9%)
	sff1_x4: 3 (27%)
	noa22_x1: 3 (9%)
	ao2o22_x2: 3 (13%)
	a2_x2: 2 (5%)
	no3_x1: 1 (2%)
	nao22_x1: 1 (3%)
	ao22_x2: 1 (3%)
	na3_x1: 1 (2%)
	Total: 30
Worst RC on file 'fsmpr_bg.vst'...416 ps
Inserting buffers on critical path for file 'fsmpr_bg_ln.vst'...1 buffer inserted -> 2536 ps
Improving RC on critical path for file 'fsmpr_bg_ln.vst'...2522 ps
Improving all RC for file 'fsmpr_bg_ln.vst'...
Worst RC on file 'fsmpr_bg_ln.vst'...416 ps
Area on file 'fsmpr_bg_ln.vst'...50750 lamda² (with over-cell routing)
Details...
	o2_x2: 7 (17%)
	inv_x2: 5 (7%)
	o3_x2: 3 (8%)
	sff1_x4: 3 (26%)
	noa22_x1: 3 (8%)
	ao2o22_x2: 3 (13%)
	a2_x2: 2 (4%)
	buf_x2: 1 (1%)
	no3_x1: 1 (2%)
	nao22_x1: 1 (2%)
	ao22_x2: 1 (2%)
	na3_x1: 1 (2%)
	Total: 31
Critical path (no warranty)...2522 ps from 'fsm_cs 1' to 'fsm_cs_1_ins'
Saving file 'fsmpr_bg_ln.vst'...
Saving delay gradient in xsch color file 'fsmpr_bg_ln.xsc'...
End of loon...

