
                   @@@@@@                          @@@    @@@
                     @@                             @@     @ 
                     @@                             @@@    @ 
                     @@           @@@       @@@     @ @@   @ 
                     @@         @@   @@   @@   @@   @ @@   @ 
                     @@        @@     @@ @@     @@  @  @@  @ 
                     @@        @@     @@ @@     @@  @   @@ @ 
                     @@        @@     @@ @@     @@  @   @@ @ 
                     @@      @ @@     @@ @@     @@  @    @@@ 
                     @@     @   @@   @@   @@   @@   @     @@ 
                   @@@@@@@@@@     @@@       @@@    @@@    @@ 

                           Local optimization on Nets

             Alliance CAD System 5.0 20090901, loon 5.0 [2003/12/07]
             Copyright (c) 2000-2019,                 ASIM/LIP6/UPMC
             Author(s):                              François Donnet
             E-mail        :             alliance-users@asim.lip6.fr

	MBK_IN_LO	: vst
	MBK_OUT_LO	: vst
	MBK_TARGET_LIB	: /usr/lib64/alliance/cells/sxlib

Reading parameter file 'paramfile.lax'...
50% area - 50% delay optimization
Reading file 'fsmpo_bg.vst'...
Controlling file 'paramfile.lax'...
Reading lib '/usr/lib64/alliance/cells/sxlib'...
Capacitances on file 'fsmpo_bg.vst'...
Delays on file 'fsmpo_bg.vst'...1253 ps
Area on file 'fsmpo_bg.vst'...53500 lamda² (with over-cell routing)
Details...
	na2_x1: 8 (14%)
	sff1_x4: 6 (50%)
	noa22_x1: 4 (11%)
	inv_x2: 3 (4%)
	a2_x2: 2 (4%)
	one_x0: 1 (1%)
	oa2a22_x2: 1 (4%)
	no2_x1: 1 (1%)
	an12_x1: 1 (2%)
	noa2a2a23_x1: 1 (4%)
	Total: 28
Worst RC on file 'fsmpo_bg.vst'...170 ps
Inserting buffers on critical path for file 'fsmpo_bg_ln.vst'...None inserted
Improving RC on critical path for file 'fsmpo_bg_ln.vst'...1251 ps
Improving all RC for file 'fsmpo_bg_ln.vst'...
Worst RC on file 'fsmpo_bg_ln.vst'...170 ps
Area on file 'fsmpo_bg_ln.vst'...53500 lamda² (with over-cell routing)
Details...
	na2_x1: 8 (14%)
	sff1_x4: 6 (50%)
	noa22_x1: 4 (11%)
	inv_x2: 3 (4%)
	a2_x2: 2 (4%)
	one_x0: 1 (1%)
	oa2a22_x2: 1 (4%)
	no2_x1: 1 (1%)
	an12_x1: 1 (2%)
	noa2a2a23_x1: 1 (4%)
	Total: 28
Critical path (no warranty)...1251 ps from 'fsm_cs 2' to 'fsm_cs_3_ins'
Saving file 'fsmpo_bg_ln.vst'...
Saving delay gradient in xsch color file 'fsmpo_bg_ln.xsc'...
End of loon...

