
                   @@@@@@                          @@@    @@@
                     @@                             @@     @ 
                     @@                             @@@    @ 
                     @@           @@@       @@@     @ @@   @ 
                     @@         @@   @@   @@   @@   @ @@   @ 
                     @@        @@     @@ @@     @@  @  @@  @ 
                     @@        @@     @@ @@     @@  @   @@ @ 
                     @@        @@     @@ @@     @@  @   @@ @ 
                     @@      @ @@     @@ @@     @@  @    @@@ 
                     @@     @   @@   @@   @@   @@   @     @@ 
                   @@@@@@@@@@     @@@       @@@    @@@    @@ 

                           Local optimization on Nets

             Alliance CAD System 5.0 20090901, loon 5.0 [2003/12/07]
             Copyright (c) 2000-2019,                 ASIM/LIP6/UPMC
             Author(s):                              François Donnet
             E-mail        :             alliance-users@asim.lip6.fr

	MBK_IN_LO	: vst
	MBK_OUT_LO	: vst
	MBK_TARGET_LIB	: /usr/lib64/alliance/cells/sxlib

Reading parameter file 'paramfile.lax'...
50% area - 50% delay optimization
Reading file 'fsmpa_bg.vst'...
Controlling file 'paramfile.lax'...
Reading lib '/usr/lib64/alliance/cells/sxlib'...
Capacitances on file 'fsmpa_bg.vst'...
Delays on file 'fsmpa_bg.vst'...2360 ps
Area on file 'fsmpa_bg.vst'...45000 lamda² (with over-cell routing)
Details...
	inv_x2: 6 (10%)
	o2_x2: 4 (11%)
	o3_x2: 3 (10%)
	sff1_x4: 3 (30%)
	nao22_x1: 2 (6%)
	ao2o22_x2: 2 (10%)
	one_x0: 1 (1%)
	no3_x1: 1 (2%)
	a2_x2: 1 (2%)
	na3_x1: 1 (2%)
	on12_x1: 1 (2%)
	na2_x1: 1 (2%)
	ao22_x2: 1 (3%)
	nao2o22_x1: 1 (3%)
	Total: 28
Worst RC on file 'fsmpa_bg.vst'...416 ps
Inserting buffers on critical path for file 'fsmpa_bg_ln.vst'...1 buffer inserted -> 2350 ps
Improving RC on critical path for file 'fsmpa_bg_ln.vst'...2296 ps
Improving all RC for file 'fsmpa_bg_ln.vst'...
Worst RC on file 'fsmpa_bg_ln.vst'...416 ps
Area on file 'fsmpa_bg_ln.vst'...46250 lamda² (with over-cell routing)
Details...
	inv_x2: 5 (8%)
	o2_x2: 4 (10%)
	o3_x2: 3 (9%)
	sff1_x4: 3 (29%)
	nao22_x1: 2 (6%)
	ao2o22_x2: 2 (9%)
	buf_x2: 1 (2%)
	one_x0: 1 (1%)
	no3_x1: 1 (2%)
	a2_x2: 1 (2%)
	na3_x1: 1 (2%)
	on12_x1: 1 (2%)
	na2_x1: 1 (2%)
	ao22_x2: 1 (3%)
	nao2o22_x1: 1 (3%)
	inv_x4: 1 (2%)
	Total: 29
Critical path (no warranty)...2296 ps from 'fsm_cs 2' to 'fsm_cs_2_ins'
Saving file 'fsmpa_bg_ln.vst'...
Saving delay gradient in xsch color file 'fsmpa_bg_ln.xsc'...
End of loon...

